<?xml version="1.0" encoding="UTF-8"?>
<!-- Generated by org.testng.reporters.JUnitReportReporter -->
<testsuite hostname="EPINHYDW0031" name="com.qa.test.GetApiTest" tests="1" failures="0" timestamp="9 Nov 2018 10:02:10 GMT" time="0.897" errors="0">
  <testcase name="getApiTest" time="0.897" classname="com.qa.test.GetApiTest"/>
</testsuite> <!-- com.qa.test.GetApiTest -->
