<?xml version="1.0" encoding="UTF-8"?>
<!-- Generated by org.testng.reporters.JUnitReportReporter -->
<testsuite hostname="EPINHYDW0031" name="com.epam.restapi.GetPITest" tests="2" failures="0" timestamp="21 Nov 2018 12:36:41 GMT" time="1.436" errors="0">
  <testcase name="getAllUserTest" time="1.016" classname="com.epam.restapi.GetPITest"/>
  <testcase name="getSingleUserNotFound" time="0.420" classname="com.epam.restapi.GetPITest"/>
</testsuite> <!-- com.epam.restapi.GetPITest -->
