<?xml version="1.0" encoding="UTF-8"?>
<!-- Generated by org.testng.reporters.JUnitReportReporter -->
<testsuite hostname="EPINHYDW0031" name="com.epam.restapi.PostAPITest" tests="2" failures="0" timestamp="21 Nov 2018 12:36:32 GMT" time="1.477" errors="0">
  <testcase name="registerUser" time="1.045" classname="com.epam.restapi.PostAPITest"/>
  <testcase name="createUser" time="0.432" classname="com.epam.restapi.PostAPITest"/>
</testsuite> <!-- com.epam.restapi.PostAPITest -->
